[debug] [2017-07-12T17:45:27.253Z] ----------------------------------------------------------------------
[debug] [2017-07-12T17:45:27.257Z] Command:      C:\Program Files\nodejs\node.exe C:\Users\mgeiser\AppData\Roaming\npm\node_modules\firebase-tools\bin\firebase deploy
[debug] [2017-07-12T17:45:27.258Z] CLI Version:  3.9.1
[debug] [2017-07-12T17:45:27.258Z] Platform:     win32
[debug] [2017-07-12T17:45:27.258Z] Node Version: v6.9.5
[debug] [2017-07-12T17:45:27.259Z] Time:         Wed Jul 12 2017 10:45:27 GMT-0700 (Pacific Daylight Time)
[debug] [2017-07-12T17:45:27.259Z] ----------------------------------------------------------------------
[debug] 
[debug] [2017-07-12T17:45:27.281Z] > command requires scopes: ["email","openid","https://www.googleapis.com/auth/cloudplatformprojects.readonly","https://www.googleapis.com/auth/firebase","https://www.googleapis.com/auth/cloud-platform"]
[debug] [2017-07-12T17:45:27.281Z] > authorizing via signed-in user
[debug] [2017-07-12T17:45:27.287Z] > refreshing access token with scopes: ["email","https://www.googleapis.com/auth/cloud-platform","https://www.googleapis.com/auth/cloudplatformprojects.readonly","https://www.googleapis.com/auth/firebase","openid"]
[debug] [2017-07-12T17:45:27.287Z] >>> HTTP REQUEST POST https://www.googleapis.com/oauth2/v3/token { refresh_token: '1/5pEISHywAiIEvA6J8fpsJddFBbjTp37NYdqRn1EvXTs',
  client_id: '563584335869-fgrhgmd47bqnekij5i8b5pr03ho849e6.apps.googleusercontent.com',
  client_secret: 'j9iVZfS8kkCEFUPaAeJV0sAi',
  grant_type: 'refresh_token',
  scope: 'email https://www.googleapis.com/auth/cloud-platform https://www.googleapis.com/auth/cloudplatformprojects.readonly https://www.googleapis.com/auth/firebase openid' } 
 Wed Jul 12 2017 10:45:27 GMT-0700 (Pacific Daylight Time)
[debug] [2017-07-12T17:45:27.506Z] <<< HTTP RESPONSE 200
[debug] [2017-07-12T17:45:27.530Z] >>> HTTP REQUEST GET https://admin.firebase.com/v1/projects/streamlabs-cdf6e  
 Wed Jul 12 2017 10:45:27 GMT-0700 (Pacific Daylight Time)
[debug] [2017-07-12T17:45:29.847Z] <<< HTTP RESPONSE 200
[debug] [2017-07-12T17:45:29.849Z] >>> HTTP REQUEST GET https://admin.firebase.com/v1/database/streamlabs-cdf6e/tokens  
 Wed Jul 12 2017 10:45:29 GMT-0700 (Pacific Daylight Time)
[debug] [2017-07-12T17:45:30.244Z] <<< HTTP RESPONSE 200
[info] 
[info] === Deploying to 'streamlabs-cdf6e'...
[info] 
[info] i  deploying database, hosting
[info] +  database: rules ready to deploy.
[info] i  hosting: preparing dist directory for upload...
[debug] [2017-07-12T17:45:32.104Z] >>> HTTP REQUEST PUT https://deploy.firebase.com/v1/hosting/streamlabs-cdf6e/uploads/-KortyvtxGnnNJye7grr?fileCount=7&message=  
 Wed Jul 12 2017 10:45:32 GMT-0700 (Pacific Daylight Time)
[debug] [2017-07-12T17:45:33.131Z] <<< HTTP RESPONSE 200
[debug] [2017-07-12T17:45:33.131Z] [hosting] .tgz uploaded successfully, waiting for extraction
